<?xml version="1.0" encoding="UTF-8"?>
<!-- Generated by org.testng.reporters.JUnitReportReporter -->
<testsuite hostname="Nistha-PC" failures="0" tests="2" name="Academy.HomePage" time="13.389" errors="0" timestamp="2021-05-31T07:13:45 PDT" skipped="0">
  <testcase classname="Academy.HomePage" name="basePageNavigation" time="4.491"/>
  <system-out/>
  <testcase classname="Academy.HomePage" name="basePageNavigation" time="8.898"/>
  <system-out/>
</testsuite> <!-- Academy.HomePage -->
