<?xml version="1.0" encoding="UTF-8"?>
<!-- Generated by org.testng.reporters.JUnitReportReporter -->
<testsuite hostname="Nistha-PC" failures="0" tests="2" name="qaclickacademy.Mavenjavanew.RESTAPITest" time="0.000" errors="0" timestamp="2021-03-26T07:34:22 PDT" skipped="0">
  <testcase classname="qaclickacademy.Mavenjavanew.RESTAPITest" name="deleteTwitter" time="0.000"/>
  <system-out/>
  <testcase classname="qaclickacademy.Mavenjavanew.RESTAPITest" name="postJira" time="0.000"/>
  <system-out/>
</testsuite> <!-- qaclickacademy.Mavenjavanew.RESTAPITest -->
