<?xml version="1.0" encoding="UTF-8"?>
<!-- Generated by org.testng.reporters.JUnitReportReporter -->
<testsuite hostname="Nistha-PC" failures="0" tests="2" name="qaclickacademy.Mavenjavanew.SeleniumTest" time="0.003" errors="0" timestamp="2021-03-26T07:34:22 PDT" skipped="0">
  <testcase classname="qaclickacademy.Mavenjavanew.SeleniumTest" name="BrowserAutomation" time="0.001"/>
  <system-out/>
  <testcase classname="qaclickacademy.Mavenjavanew.SeleniumTest" name="elementsui" time="0.002"/>
  <system-out/>
</testsuite> <!-- qaclickacademy.Mavenjavanew.SeleniumTest -->
