<?xml version="1.0" encoding="UTF-8"?>
<!-- Generated by org.testng.reporters.JUnitReportReporter -->
<testsuite hostname="Nistha-PC" failures="0" tests="3" name="Test.day4" time="0.019" errors="0" timestamp="2021-03-22T08:27:21 PDT" skipped="0">
  <testcase classname="Test.day4" name="LoginAPIHomeLoan" time="0.003"/>
  <system-out/>
  <testcase classname="Test.day4" name="MobileLoginHomeLoan" time="0.013"/>
  <system-out/>
  <testcase classname="Test.day4" name="WebloginHomeLoan" time="0.003"/>
  <system-out/>
</testsuite> <!-- Test.day4 -->
