<?xml version="1.0" encoding="UTF-8"?>
<!-- Generated by org.testng.reporters.JUnitReportReporter -->
<testsuite hostname="Nistha-PC" failures="0" tests="1" name="Test.Begin" time="0.016" errors="0" timestamp="2021-03-22T08:27:21 PDT" skipped="0">
  <testcase classname="Test.Begin" name="Demo" time="0.016"/>
  <system-out/>
</testsuite> <!-- Test.Begin -->
