<?xml version="1.0" encoding="UTF-8"?>
<!-- Generated by org.testng.reporters.JUnitReportReporter -->
<testsuite hostname="Nistha-PC" failures="0" tests="2" name="Test.day2" time="0.010" errors="0" timestamp="2021-03-22T08:27:21 PDT" skipped="0">
  <testcase classname="Test.day2" name="personalhomeloan" time="0.007"/>
  <system-out/>
  <testcase classname="Test.day2" name="loan" time="0.003"/>
  <system-out/>
</testsuite> <!-- Test.day2 -->
