<?xml version="1.0" encoding="UTF-8"?>
<!-- Generated by org.testng.reporters.JUnitReportReporter -->
<testsuite hostname="Nistha-PC" failures="0" tests="5" name="Test.day3" time="0.036" errors="0" timestamp="2021-03-22T08:27:21 PDT" skipped="0">
  <testcase classname="Test.day3" name="multipleCase" time="0.005"/>
  <system-out/>
  <testcase classname="Test.day3" name="APICarLoan" time="0.005"/>
  <system-out/>
  <testcase classname="Test.day3" name="multipleCase" time="0.005"/>
  <system-out/>
  <testcase classname="Test.day3" name="multipleCase" time="0.010"/>
  <system-out/>
  <testcase classname="Test.day3" name="WebloginCarLoan" time="0.011"/>
  <system-out/>
</testsuite> <!-- Test.day3 -->
