<?xml version="1.0" encoding="UTF-8"?>
<!-- Generated by org.testng.reporters.JUnitReportReporter -->
<testsuite hostname="Nistha-PC" failures="0" tests="1" name="Testcases.Loginapplication" time="55.389" errors="0" timestamp="2021-04-21T06:34:06 PDT" skipped="0">
  <testcase classname="Testcases.Loginapplication" name="Login" time="55.389"/>
  <system-out/>
</testsuite> <!-- Testcases.Loginapplication -->
