<?xml version="1.0" encoding="UTF-8"?>
<!-- Generated by org.testng.reporters.JUnitReportReporter -->
<testsuite hostname="Nistha-PC" failures="0" tests="1" name="Testcases.LoginapplicationPF" time="29.311" errors="0" timestamp="2021-04-22T01:52:54 PDT" skipped="0">
  <testcase classname="Testcases.LoginapplicationPF" name="Login" time="29.311"/>
  <system-out/>
</testsuite> <!-- Testcases.LoginapplicationPF -->
