<?xml version="1.0" encoding="UTF-8"?>
<!-- Generated by org.testng.reporters.JUnitReportReporter -->
<testsuite hostname="Nistha-PC" failures="0" tests="1" name="Academy.NavigateBar" time="0.184" errors="0" timestamp="2021-05-06T09:54:19 PDT" skipped="0">
  <testcase classname="Academy.NavigateBar" name="basePageNavigation" time="0.184"/>
  <system-out/>
</testsuite> <!-- Academy.NavigateBar -->
