<?xml version="1.0" encoding="UTF-8"?>
<!-- Generated by org.testng.reporters.JUnitReportReporter -->
<testsuite hostname="Nistha-PC" failures="0" tests="1" name="rahulshettyacademy.ExtentReports.ExtentReportDemo" time="18.942" errors="0" timestamp="2021-04-07T03:44:11 PDT" skipped="0">
  <testcase classname="rahulshettyacademy.ExtentReports.ExtentReportDemo" name="initialDemo" time="18.942"/>
  <system-out/>
</testsuite> <!-- rahulshettyacademy.ExtentReports.ExtentReportDemo -->
