<?xml version="1.0" encoding="UTF-8"?>
<!-- Generated by org.testng.reporters.JUnitReportReporter -->
<testsuite hostname="Nistha-PC" failures="0" tests="2" name="qaclickacademy.Mavenjavanew.AppiumTest" time="0.017" errors="0" timestamp="2021-03-25T08:32:01 PDT" skipped="0">
  <testcase classname="qaclickacademy.Mavenjavanew.AppiumTest" name="Androidapp" time="0.015"/>
  <system-out/>
  <testcase classname="qaclickacademy.Mavenjavanew.AppiumTest" name="IOSApp" time="0.002"/>
  <system-out/>
</testsuite> <!-- qaclickacademy.Mavenjavanew.AppiumTest -->
